1
 0 5 7 2
    0.000000 3.000000
    4.000000 0.000000
    10.000000 3.000000
    12.000000 7.000000
    6.000000 5.000000
 0 0  1 0     0 0  -1 -1
 0 0  2 0     0 0  1 0
 1 0  2 0     0 0  -1 -1
 0 0  3 0     1 0  -1 -1
 2 0  3 0     1 0  -1 -1
 2 0  -1 -1     -1 -1  -1 -1
 -1 -1  3 0     -1 -1  -1 -1
 0 0  1 0  2 0     0 0  1 0  2 0
 0 0  2 0  3 0     1 0  3 0  4 0

1
 0 5 7 2
    0.000000 3.000000
    4.000000 0.000000
    10.000000 3.000000
    12.000000 7.000000
    6.000000 5.000000
 0 0  1 0     0 0  -1 -1
 0 0  2 0     0 0  1 0
 1 0  2 0     0 0  -1 -1
 0 0  3 0     1 0  -1 -1
 2 0  3 0     1 0  -1 -1
 2 0  -1 -1     -1 -1  -1 -1
 -1 -1  3 0     -1 -1  -1 -1
 0 0  1 0  2 0     0 0  1 0  2 0
 0 0  2 0  3 0     1 0  3 0  4 0

1
 0 5 7 2
    0.000000 3.000000
    4.000000 0.000000
    10.000000 3.000000
    12.000000 7.000000
    6.000000 5.000000
 0 0  1 0     0 0  -1 -1
 0 0  2 0     0 0  1 0
 1 0  2 0     0 0  -1 -1
 0 0  3 0     1 0  -1 -1
 2 0  3 0     1 0  -1 -1
 2 0  -1 -1     -1 -1  -1 -1
 -1 -1  3 0     -1 -1  -1 -1
 0 0  1 0  2 0     0 0  1 0  2 0
 0 0  2 0  3 0     1 0  3 0  4 0

1
 0 5 7 2
    0.000000 3.000000
    4.000000 0.000000
    10.000000 3.000000
    12.000000 7.000000
    6.000000 5.000000
 0 0  1 0     0 0  -1 -1
 0 0  2 0     0 0  1 0
 1 0  2 0     0 0  -1 -1
 0 0  3 0     1 0  -1 -1
 2 0  3 0     1 0  -1 -1
 2 0  -1 -1     -1 -1  -1 -1
 -1 -1  3 0     -1 -1  -1 -1
 0 0  1 0  2 0     0 0  1 0  2 0
 0 0  2 0  3 0     1 0  3 0  4 0

1
 0 5 7 2
    0.000000 3.000000
    4.000000 0.000000
    10.000000 3.000000
    12.000000 7.000000
    6.000000 5.000000
 0 0  1 0     0 0  -1 -1
 0 0  2 0     0 0  1 0
 1 0  2 0     0 0  -1 -1
 0 0  3 0     1 0  -1 -1
 2 0  3 0     1 0  -1 -1
 2 0  -1 -1     -1 -1  -1 -1
 -1 -1  3 0     -1 -1  -1 -1
 0 0  1 0  2 0     0 0  1 0  2 0
 0 0  2 0  3 0     1 0  3 0  4 0

1
 0 5 7 2
    0.000000 3.000000
    4.000000 0.000000
    10.000000 3.000000
    12.000000 7.000000
    6.000000 5.000000
 0 0  1 0     0 0  -1 -1
 0 0  2 0     0 0  1 0
 1 0  2 0     0 0  -1 -1
 0 0  3 0     1 0  -1 -1
 2 0  3 0     1 0  -1 -1
 2 0  -1 -1     -1 -1  -1 -1
 -1 -1  3 0     -1 -1  -1 -1
 0 0  1 0  2 0     0 0  1 0  2 0
 0 0  2 0  3 0     1 0  3 0  4 0

1
 0 5 7 2
    0.000000 3.000000
    4.000000 0.000000
    10.000000 3.000000
    12.000000 7.000000
    6.000000 5.000000
 0 0  1 0     0 0  -1 -1
 0 0  2 0     0 0  1 0
 1 0  2 0     0 0  -1 -1
 0 0  3 0     1 0  -1 -1
 2 0  3 0     1 0  -1 -1
 2 0  -1 -1     -1 -1  -1 -1
 -1 -1  3 0     -1 -1  -1 -1
 0 0  1 0  2 0     0 0  1 0  2 0
 0 0  2 0  3 0     1 0  3 0  4 0

1
 0 5 7 2
    0.000000 3.000000
    4.000000 0.000000
    10.000000 3.000000
    12.000000 7.000000
    6.000000 5.000000
 0 0  1 0     0 0  -1 -1
 0 0  2 0     0 0  1 0
 1 0  2 0     0 0  -1 -1
 0 0  3 0     1 0  -1 -1
 2 0  3 0     1 0  -1 -1
 2 0  -1 -1     -1 -1  -1 -1
 -1 -1  3 0     -1 -1  -1 -1
 0 0  1 0  2 0     0 0  1 0  2 0
 0 0  2 0  3 0     1 0  3 0  4 0

1
 0 5 7 2
    0.000000 3.000000
    4.000000 0.000000
    10.000000 3.000000
    12.000000 7.000000
    6.000000 5.000000
 0 0  1 0     0 0  -1 -1
 0 0  2 0     0 0  1 0
 1 0  2 0     0 0  -1 -1
 0 0  3 0     1 0  -1 -1
 2 0  3 0     1 0  -1 -1
 2 0  -1 -1     -1 -1  -1 -1
 -1 -1  3 0     -1 -1  -1 -1
 0 0  1 0  2 0     0 0  1 0  2 0
 0 0  2 0  3 0     1 0  3 0  4 0

1
 0 5 7 2
    0.000000 3.000000
    4.000000 0.000000
    10.000000 3.000000
    12.000000 7.000000
    6.000000 5.000000
 0 0  1 0     0 0  -1 -1
 0 0  2 0     0 0  1 0
 1 0  2 0     0 0  -1 -1
 0 0  3 0     1 0  -1 -1
 2 0  3 0     1 0  -1 -1
 2 0  -1 -1     -1 -1  -1 -1
 -1 -1  3 0     -1 -1  -1 -1
 0 0  1 0  2 0     0 0  1 0  2 0
 0 0  2 0  3 0     1 0  3 0  4 0

1
 0 5 7 2
    0.000000 3.000000
    4.000000 0.000000
    10.000000 3.000000
    12.000000 7.000000
    6.000000 5.000000
 0 0  1 0     0 0  -1 -1
 0 0  2 0     0 0  1 0
 1 0  2 0     0 0  -1 -1
 0 0  3 0     1 0  -1 -1
 2 0  3 0     1 0  -1 -1
 2 0  -1 -1     -1 -1  -1 -1
 -1 -1  3 0     -1 -1  -1 -1
 0 0  1 0  2 0     0 0  1 0  2 0
 0 0  2 0  3 0     1 0  3 0  4 0

1
 0 5 7 2
    0.000000 3.000000
    4.000000 0.000000
    10.000000 3.000000
    12.000000 7.000000
    6.000000 5.000000
 0 0  1 0     0 0  -1 -1
 0 0  2 0     0 0  1 0
 1 0  2 0     0 0  -1 -1
 0 0  3 0     1 0  -1 -1
 2 0  3 0     1 0  -1 -1
 2 0  -1 -1     -1 -1  -1 -1
 -1 -1  3 0     -1 -1  -1 -1
 0 0  1 0  2 0     0 0  1 0  2 0
 0 0  2 0  3 0     1 0  3 0  4 0

1
 0 5 7 2
    0.000000 3.000000
    4.000000 0.000000
    10.000000 3.000000
    12.000000 7.000000
    6.000000 5.000000
 0 0  1 0     0 0  -1 -1
 0 0  2 0     0 0  1 0
 1 0  2 0     0 0  -1 -1
 0 0  3 0     1 0  -1 -1
 2 0  3 0     1 0  -1 -1
 2 0  -1 -1     -1 -1  -1 -1
 -1 -1  3 0     -1 -1  -1 -1
 0 0  1 0  2 0     0 0  1 0  2 0
 0 0  2 0  3 0     1 0  3 0  4 0

1
 0 5 7 2
    0.000000 3.000000
    4.000000 0.000000
    10.000000 3.000000
    12.000000 7.000000
    6.000000 5.000000
 0 0  1 0     0 0  -1 -1
 0 0  2 0     0 0  1 0
 1 0  2 0     0 0  -1 -1
 0 0  3 0     1 0  -1 -1
 2 0  3 0     1 0  -1 -1
 2 0  -1 -1     -1 -1  -1 -1
 -1 -1  3 0     -1 -1  -1 -1
 0 0  1 0  2 0     0 0  1 0  2 0
 0 0  2 0  3 0     1 0  3 0  4 0

1
 0 5 7 2
    0.000000 3.000000
    4.000000 0.000000
    10.000000 3.000000
    12.000000 7.000000
    6.000000 5.000000
 0 0  1 0     0 0  -1 -1
 0 0  2 0     0 0  1 0
 1 0  2 0     0 0  -1 -1
 0 0  3 0     1 0  -1 -1
 2 0  3 0     1 0  -1 -1
 2 0  -1 -1     -1 -1  -1 -1
 -1 -1  3 0     -1 -1  -1 -1
 0 0  1 0  2 0     0 0  1 0  2 0
 0 0  2 0  3 0     1 0  3 0  4 0

